<?xml version="1.0" encoding="UTF-8"?>
<!-- Generated by org.testng.reporters.JUnitReportReporter -->
<testsuite hostname="Savitas-MacBook-Air.local" failures="0" tests="1" name="com.training.testcases.OpportunityTest" time="84.743" errors="0" timestamp="7 Aug 2024 09:01:29 GMT">
  <testcase classname="com.training.testcases.OpportunityTest" name="quartSummary" time="84.743"/>
</testsuite> <!-- com.training.testcases.OpportunityTest -->
