<?xml version="1.0" encoding="UTF-8"?>
<!-- Generated by org.testng.reporters.JUnitReportReporter -->
<testsuite hostname="Savitas-MacBook-Air.local" failures="0" tests="1" name="com.training.testcases.ContactsTest" time="70.553" errors="0" timestamp="7 Aug 2024 11:36:41 GMT">
  <testcase classname="com.training.testcases.ContactsTest" name="checkSaveAndNew" time="70.553"/>
</testsuite> <!-- com.training.testcases.ContactsTest -->
