<?xml version="1.0" encoding="UTF-8"?>
<!-- Generated by org.testng.reporters.JUnitReportReporter -->
<testsuite hostname="Savitas-MacBook-Air.local" failures="0" tests="1" name="com.training.testcases.LeadsTest" time="75.801" errors="0" timestamp="7 Aug 2024 10:07:38 GMT">
  <testcase classname="com.training.testcases.LeadsTest" name="checkNewButton" time="75.801"/>
</testsuite> <!-- com.training.testcases.LeadsTest -->
