<?xml version="1.0" encoding="UTF-8"?>
<!-- Generated by org.testng.reporters.JUnitReportReporter -->
<testsuite hostname="Savitas-MacBook-Air.local" failures="0" tests="1" name="com.training.testcases.LoginTest" time="64.525" errors="0" timestamp="7 Aug 2024 13:48:09 GMT">
  <testcase classname="com.training.testcases.LoginTest" name="wrongCred" time="64.525"/>
</testsuite> <!-- com.training.testcases.LoginTest -->
