<?xml version="1.0" encoding="UTF-8"?>
<!-- Generated by org.testng.reporters.JUnitReportReporter -->
<testsuite hostname="Savitas-MacBook-Air.local" failures="0" tests="2" name="com.training.testcases.LoginTest" time="94.873" errors="0" timestamp="25 Sep 2024 17:35:58 GMT">
  <testcase classname="com.training.testcases.LoginTest" name="loginsuccess" time="50.190"/>
  <testcase classname="com.training.testcases.LoginTest" name="loginerrormessage" time="44.683"/>
</testsuite> <!-- com.training.testcases.LoginTest -->
